<?xml version="1.0" encoding="UTF-8"?>
<!-- Generated by org.testng.reporters.JUnitReportReporter -->
<testsuite hostname="farids-MBP" failures="0" tests="1" name="farid.com.menu.TestCheckWatcList" time="5.525" errors="0" timestamp="2022-03-16T09:38:22 EDT" skipped="0">
  <testcase classname="farid.com.menu.TestCheckWatcList" name="checkWatchList" time="5.525"/>
  <system-out/>
</testsuite> <!-- farid.com.menu.TestCheckWatcList -->
