<?xml version="1.0" encoding="UTF-8"?>
<!-- Generated by org.testng.reporters.JUnitReportReporter -->
<testsuite skipped="0" hostname="farids-MBP" name="farid.com.search.SearchMultipleItems" tests="1" failures="0" timestamp="2022-03-15T21:45:44 EDT" time="18.363" errors="0">
  <testcase name="searchItems" time="18.363" classname="farid.com.search.SearchMultipleItems"/>
  <system-out/>
</testsuite> <!-- farid.com.search.SearchMultipleItems -->
